<?xml version="1.0" encoding="UTF-8"?>
<testsuite xmlns:xsi="http://www.w3.org/2001/XMLSchema-instance" xsi:noNamespaceSchemaLocation="https://maven.apache.org/surefire/maven-surefire-plugin/xsd/surefire-test-report.xsd" name="com.pkaushik.safeHome.SafeHomeApplicationTests" time="1.433" tests="11" errors="0" skipped="0" failures="0">
  <properties>
[...]
</properties>
  <testcase name="testValidRegisterAsStudent" classname="com.pkaushik.safeHome.SafeHomeApplicationTests" time="0"/>
  <testcase name="testInvalidRegisterAsStudent" classname="com.pkaushik.safeHome.SafeHomeApplicationTests" time="0"/>
  <testcase name="testLogInAsStudentOnly" classname="com.pkaushik.safeHome.SafeHomeApplicationTests" time="0.029"/>
  <testcase name="testUserMapList" classname="com.pkaushik.safeHome.SafeHomeApplicationTests" time="0.29"/>
  <testcase name="testValidRegisterAsWalker" classname="com.pkaushik.safeHome.SafeHomeApplicationTests" time="0.097"/>
  <testcase name="testLogOutAfterLogIn" classname="com.pkaushik.safeHome.SafeHomeApplicationTests" time="0.169"/>
  <testcase name="testLogInWithoutRegister" classname="com.pkaushik.safeHome.SafeHomeApplicationTests" time="0.069"/>
  <testcase name="testPassLogInAsWalker" classname="com.pkaushik.safeHome.SafeHomeApplicationTests" time="0.116"/>
  <testcase name="contextLoads" classname="com.pkaushik.safeHome.SafeHomeApplicationTests" time="0.003"/>
  <testcase name="testFailLogInAsWalker" classname="com.pkaushik.safeHome.SafeHomeApplicationTests" time="0.102"/>
  <testcase name="testUserQueryList" classname="com.pkaushik.safeHome.SafeHomeApplicationTests" time="0.185"/>
</testsuite>